<?xml version="1.0" encoding="UTF-8"?>
<testsuite name="ejemplos.LanzamientoDadosTest" tests="1" skipped="0" failures="0" errors="0" timestamp="2023-06-05T17:01:08" hostname="pcs5-HP-EliteDesk-800-G4-SFF" time="0.032">
  <properties/>
  <testcase name="producesMensage()" classname="ejemplos.LanzamientoDadosTest" time="0.032"/>
  <system-out><![CDATA[]]></system-out>
  <system-err><![CDATA[]]></system-err>
</testsuite>
