<?xml version="1.0" encoding="UTF-8"?>
<testsuite name="com.kapumota.microservicios.core.review.ReviewServiceApplicationTests" tests="1" skipped="0" failures="0" errors="0" timestamp="2023-07-15T12:03:25" hostname="gian-HP-Pavilion-Gaming-Laptop-15-ec1xxx" time="0.659">
  <properties/>
  <testcase name="contextLoads()" classname="com.kapumota.microservicios.core.review.ReviewServiceApplicationTests" time="0.659"/>
  <system-out><![CDATA[07:03:23.536 [Test worker] INFO org.springframework.test.context.support.AnnotationConfigContextLoaderUtils -- Could not detect default configuration classes for test class [com.kapumota.microservicios.core.review.ReviewServiceApplicationTests]: ReviewServiceApplicationTests does not declare any static, non-private, non-final, nested classes annotated with @Configuration.
07:03:23.612 [Test worker] INFO org.springframework.boot.test.context.SpringBootTestContextBootstrapper -- Found @SpringBootConfiguration com.kapumota.microservicios.core.review.ReviewServiceApplication for test class com.kapumota.microservicios.core.review.ReviewServiceApplicationTests

  .   ____          _            __ _ _
 /\\ / ___'_ __ _ _(_)_ __  __ _ \ \ \ \
( ( )\___ | '_ | '_| | '_ \/ _` | \ \ \ \
 \\/  ___)| |_)| | | | | || (_| |  ) ) ) )
  '  |____| .__|_| |_|_| |_\__, | / / / /
 =========|_|==============|___/=/_/_/_/
 :: Spring Boot ::                (v3.1.1)

2023-07-15T07:03:23.971-05:00  INFO 47512 --- [    Test worker] c.k.m.c.r.ReviewServiceApplicationTests  : Starting ReviewServiceApplicationTests using Java 17.0.7 with PID 47512 (started by gian in /home/gian/2-rest-servicios-basicos/microservicios/review-service)
2023-07-15T07:03:23.972-05:00 DEBUG 47512 --- [    Test worker] c.k.m.c.r.ReviewServiceApplicationTests  : Running with Spring Boot v3.1.1, Spring v6.0.10
2023-07-15T07:03:23.973-05:00  INFO 47512 --- [    Test worker] c.k.m.c.r.ReviewServiceApplicationTests  : No active profile set, falling back to 1 default profile: "default"
2023-07-15T07:03:25.121-05:00  INFO 47512 --- [    Test worker] o.s.b.a.e.web.EndpointLinksResolver      : Exposing 1 endpoint(s) beneath base path '/actuator'
2023-07-15T07:03:25.381-05:00  INFO 47512 --- [    Test worker] c.k.m.c.r.ReviewServiceApplicationTests  : Started ReviewServiceApplicationTests in 1.657 seconds (process running for 2.486)
]]></system-out>
  <system-err><![CDATA[]]></system-err>
</testsuite>
