<?xml version="1.0" encoding="UTF-8"?>
<testsuite name="com.kapumota.calculador.CalculadorApplicationTests" tests="1" skipped="0" failures="0" errors="0" timestamp="2023-07-10T04:36:28" hostname="gian-HP-Pavilion-Gaming-Laptop-15-ec1xxx" time="0.453">
  <properties/>
  <testcase name="contextLoads()" classname="com.kapumota.calculador.CalculadorApplicationTests" time="0.453"/>
  <system-out><![CDATA[23:36:25.840 [Test worker] DEBUG org.springframework.test.context.BootstrapUtils - Instantiating CacheAwareContextLoaderDelegate from class [org.springframework.test.context.cache.DefaultCacheAwareContextLoaderDelegate]
23:36:25.859 [Test worker] DEBUG org.springframework.test.context.BootstrapUtils - Instantiating BootstrapContext using constructor [public org.springframework.test.context.support.DefaultBootstrapContext(java.lang.Class,org.springframework.test.context.CacheAwareContextLoaderDelegate)]
23:36:25.919 [Test worker] DEBUG org.springframework.test.context.BootstrapUtils - Instantiating TestContextBootstrapper for test class [com.kapumota.calculador.CalculadorApplicationTests] from class [org.springframework.boot.test.context.SpringBootTestContextBootstrapper]
23:36:25.934 [Test worker] INFO org.springframework.boot.test.context.SpringBootTestContextBootstrapper - Neither @ContextConfiguration nor @ContextHierarchy found for test class [com.kapumota.calculador.CalculadorApplicationTests], using SpringBootContextLoader
23:36:25.941 [Test worker] DEBUG org.springframework.test.context.support.AbstractContextLoader - Did not detect default resource location for test class [com.kapumota.calculador.CalculadorApplicationTests]: class path resource [com/kapumota/calculador/CalculadorApplicationTests-context.xml] does not exist
23:36:25.942 [Test worker] DEBUG org.springframework.test.context.support.AbstractContextLoader - Did not detect default resource location for test class [com.kapumota.calculador.CalculadorApplicationTests]: class path resource [com/kapumota/calculador/CalculadorApplicationTestsContext.groovy] does not exist
23:36:25.942 [Test worker] INFO org.springframework.test.context.support.AbstractContextLoader - Could not detect default resource locations for test class [com.kapumota.calculador.CalculadorApplicationTests]: no resource found for suffixes {-context.xml, Context.groovy}.
23:36:25.943 [Test worker] INFO org.springframework.test.context.support.AnnotationConfigContextLoaderUtils - Could not detect default configuration classes for test class [com.kapumota.calculador.CalculadorApplicationTests]: CalculadorApplicationTests does not declare any static, non-private, non-final, nested classes annotated with @Configuration.
23:36:26.006 [Test worker] DEBUG org.springframework.test.context.support.ActiveProfilesUtils - Could not find an 'annotation declaring class' for annotation type [org.springframework.test.context.ActiveProfiles] and class [com.kapumota.calculador.CalculadorApplicationTests]
23:36:26.106 [Test worker] DEBUG org.springframework.context.annotation.ClassPathScanningCandidateComponentProvider - Identified candidate component class: file [/home/gian/Documents/CC3S2/ActividadesEditAble/Kubernetes/calculador2/build/classes/java/main/com/kapumota/calculador/CalculadorApplication.class]
23:36:26.114 [Test worker] INFO org.springframework.boot.test.context.SpringBootTestContextBootstrapper - Found @SpringBootConfiguration com.kapumota.calculador.CalculadorApplication for test class com.kapumota.calculador.CalculadorApplicationTests
23:36:26.320 [Test worker] DEBUG org.springframework.boot.test.context.SpringBootTestContextBootstrapper - @TestExecutionListeners is not present for class [com.kapumota.calculador.CalculadorApplicationTests]: using defaults.
23:36:26.321 [Test worker] INFO org.springframework.boot.test.context.SpringBootTestContextBootstrapper - Loaded default TestExecutionListener class names from location [META-INF/spring.factories]: [org.springframework.boot.test.autoconfigure.restdocs.RestDocsTestExecutionListener, org.springframework.boot.test.autoconfigure.web.client.MockRestServiceServerResetTestExecutionListener, org.springframework.boot.test.autoconfigure.web.servlet.MockMvcPrintOnlyOnFailureTestExecutionListener, org.springframework.boot.test.autoconfigure.web.servlet.WebDriverTestExecutionListener, org.springframework.boot.test.autoconfigure.webservices.client.MockWebServiceServerTestExecutionListener, org.springframework.boot.test.mock.mockito.MockitoTestExecutionListener, org.springframework.boot.test.mock.mockito.ResetMocksTestExecutionListener, org.springframework.test.context.web.ServletTestExecutionListener, org.springframework.test.context.support.DirtiesContextBeforeModesTestExecutionListener, org.springframework.test.context.event.ApplicationEventsTestExecutionListener, org.springframework.test.context.support.DependencyInjectionTestExecutionListener, org.springframework.test.context.support.DirtiesContextTestExecutionListener, org.springframework.test.context.transaction.TransactionalTestExecutionListener, org.springframework.test.context.jdbc.SqlScriptsTestExecutionListener, org.springframework.test.context.event.EventPublishingTestExecutionListener]
23:36:26.340 [Test worker] DEBUG org.springframework.boot.test.context.SpringBootTestContextBootstrapper - Skipping candidate TestExecutionListener [org.springframework.test.context.transaction.TransactionalTestExecutionListener] due to a missing dependency. Specify custom listener classes or make the default listener classes and their required dependencies available. Offending class: [org/springframework/transaction/interceptor/TransactionAttributeSource]
23:36:26.341 [Test worker] DEBUG org.springframework.boot.test.context.SpringBootTestContextBootstrapper - Skipping candidate TestExecutionListener [org.springframework.test.context.jdbc.SqlScriptsTestExecutionListener] due to a missing dependency. Specify custom listener classes or make the default listener classes and their required dependencies available. Offending class: [org/springframework/transaction/interceptor/TransactionAttribute]
23:36:26.341 [Test worker] INFO org.springframework.boot.test.context.SpringBootTestContextBootstrapper - Using TestExecutionListeners: [org.springframework.test.context.web.ServletTestExecutionListener@559cedee, org.springframework.test.context.support.DirtiesContextBeforeModesTestExecutionListener@18371d89, org.springframework.test.context.event.ApplicationEventsTestExecutionListener@4f3faa70, org.springframework.boot.test.mock.mockito.MockitoTestExecutionListener@4832f03b, org.springframework.boot.test.autoconfigure.SpringBootDependencyInjectionTestExecutionListener@7af3874e, org.springframework.test.context.support.DirtiesContextTestExecutionListener@5a8816cc, org.springframework.test.context.event.EventPublishingTestExecutionListener@68565bc7, org.springframework.boot.test.autoconfigure.restdocs.RestDocsTestExecutionListener@37baddde, org.springframework.boot.test.autoconfigure.web.client.MockRestServiceServerResetTestExecutionListener@5115f590, org.springframework.boot.test.autoconfigure.web.servlet.MockMvcPrintOnlyOnFailureTestExecutionListener@4b31a708, org.springframework.boot.test.autoconfigure.web.servlet.WebDriverTestExecutionListener@11e355ca, org.springframework.boot.test.autoconfigure.webservices.client.MockWebServiceServerTestExecutionListener@70d63e05, org.springframework.boot.test.mock.mockito.ResetMocksTestExecutionListener@e11ecfa]
23:36:26.346 [Test worker] DEBUG org.springframework.test.context.support.AbstractDirtiesContextTestExecutionListener - Before test class: context [DefaultTestContext@575e572f testClass = CalculadorApplicationTests, testInstance = [null], testMethod = [null], testException = [null], mergedContextConfiguration = [WebMergedContextConfiguration@58015e56 testClass = CalculadorApplicationTests, locations = '{}', classes = '{class com.kapumota.calculador.CalculadorApplication}', contextInitializerClasses = '[]', activeProfiles = '{}', propertySourceLocations = '{}', propertySourceProperties = '{org.springframework.boot.test.context.SpringBootTestContextBootstrapper=true}', contextCustomizers = set[org.springframework.boot.test.autoconfigure.actuate.metrics.MetricsExportContextCustomizerFactory$DisableMetricExportContextCustomizer@1cc9cfb2, org.springframework.boot.test.autoconfigure.properties.PropertyMappingContextCustomizer@0, org.springframework.boot.test.autoconfigure.web.servlet.WebDriverContextCustomizerFactory$Customizer@5cbd159f, org.springframework.boot.test.context.filter.ExcludeFilterContextCustomizer@7ce4de34, org.springframework.boot.test.json.DuplicateJsonObjectContextCustomizerFactory$DuplicateJsonObjectContextCustomizer@5246a3b3, org.springframework.boot.test.mock.mockito.MockitoContextCustomizer@0, org.springframework.boot.test.web.client.TestRestTemplateContextCustomizer@6d9fb2d1, org.springframework.boot.test.context.SpringBootTestArgs@1, org.springframework.boot.test.context.SpringBootTestWebEnvironment@53d1b9b3], resourceBasePath = 'src/main/webapp', contextLoader = 'org.springframework.boot.test.context.SpringBootContextLoader', parent = [null]], attributes = map['org.springframework.test.context.web.ServletTestExecutionListener.activateListener' -> true]], class annotated with @DirtiesContext [false] with mode [null].
23:36:26.406 [Test worker] DEBUG org.springframework.boot.ApplicationServletEnvironment - Activating profiles []
23:36:26.407 [Test worker] DEBUG org.springframework.test.context.support.TestPropertySourceUtils - Adding inlined properties to environment: {spring.jmx.enabled=false, org.springframework.boot.test.context.SpringBootTestContextBootstrapper=true}

  .   ____          _            __ _ _
 /\\ / ___'_ __ _ _(_)_ __  __ _ \ \ \ \
( ( )\___ | '_ | '_| | '_ \/ _` | \ \ \ \
 \\/  ___)| |_)| | | | | || (_| |  ) ) ) )
  '  |____| .__|_| |_|_| |_\__, | / / / /
 =========|_|==============|___/=/_/_/_/
 :: Spring Boot ::                (v2.6.1)

2023-07-09 23:36:26.748  INFO 47339 --- [    Test worker] c.k.c.CalculadorApplicationTests         : Starting CalculadorApplicationTests using Java 17.0.7 on gian-HP-Pavilion-Gaming-Laptop-15-ec1xxx with PID 47339 (started by gian in /home/gian/Documents/CC3S2/ActividadesEditAble/Kubernetes/calculador2)
2023-07-09 23:36:26.750  INFO 47339 --- [    Test worker] c.k.c.CalculadorApplicationTests         : No active profile set, falling back to default profiles: default
2023-07-09 23:36:28.314  INFO 47339 --- [    Test worker] c.k.c.CalculadorApplicationTests         : Started CalculadorApplicationTests in 1.906 seconds (JVM running for 3.472)
]]></system-out>
  <system-err><![CDATA[]]></system-err>
</testsuite>
