<?xml version="1.0" encoding="UTF-8"?>
<testsuite name="com.kapumota.microservicios.core.product.productservice.ProductServiceApplicationTests" tests="1" skipped="0" failures="0" errors="0" timestamp="2023-07-15T12:03:17" hostname="gian-HP-Pavilion-Gaming-Laptop-15-ec1xxx" time="0.601">
  <properties/>
  <testcase name="contextLoads()" classname="com.kapumota.microservicios.core.product.productservice.ProductServiceApplicationTests" time="0.601"/>
  <system-out><![CDATA[07:03:15.600 [Test worker] INFO org.springframework.test.context.support.AnnotationConfigContextLoaderUtils -- Could not detect default configuration classes for test class [com.kapumota.microservicios.core.product.productservice.ProductServiceApplicationTests]: ProductServiceApplicationTests does not declare any static, non-private, non-final, nested classes annotated with @Configuration.
07:03:15.672 [Test worker] INFO org.springframework.boot.test.context.SpringBootTestContextBootstrapper -- Found @SpringBootConfiguration com.kapumota.microservicios.core.product.productservice.ProductServiceApplication for test class com.kapumota.microservicios.core.product.productservice.ProductServiceApplicationTests

  .   ____          _            __ _ _
 /\\ / ___'_ __ _ _(_)_ __  __ _ \ \ \ \
( ( )\___ | '_ | '_| | '_ \/ _` | \ \ \ \
 \\/  ___)| |_)| | | | | || (_| |  ) ) ) )
  '  |____| .__|_| |_|_| |_\__, | / / / /
 =========|_|==============|___/=/_/_/_/
 :: Spring Boot ::                (v3.1.1)

2023-07-15T07:03:15.977-05:00  INFO 47377 --- [    Test worker] k.m.c.p.p.ProductServiceApplicationTests : Starting ProductServiceApplicationTests using Java 17.0.7 with PID 47377 (started by gian in /home/gian/2-rest-servicios-basicos/microservicios/product-service)
2023-07-15T07:03:15.978-05:00 DEBUG 47377 --- [    Test worker] k.m.c.p.p.ProductServiceApplicationTests : Running with Spring Boot v3.1.1, Spring v6.0.10
2023-07-15T07:03:15.979-05:00  INFO 47377 --- [    Test worker] k.m.c.p.p.ProductServiceApplicationTests : No active profile set, falling back to 1 default profile: "default"
2023-07-15T07:03:16.969-05:00  INFO 47377 --- [    Test worker] o.s.b.a.e.web.EndpointLinksResolver      : Exposing 1 endpoint(s) beneath base path '/actuator'
2023-07-15T07:03:17.192-05:00  INFO 47377 --- [    Test worker] k.m.c.p.p.ProductServiceApplicationTests : Started ProductServiceApplicationTests in 1.428 seconds (process running for 2.186)
]]></system-out>
  <system-err><![CDATA[]]></system-err>
</testsuite>
