<?xml version="1.0" encoding="UTF-8"?>
<testsuite name="com.kapumota.microservicios.composite.product.productcompositeservice.ProductCompositeServiceApplicationTests" tests="1" skipped="0" failures="0" errors="0" timestamp="2023-07-15T14:27:26" hostname="gian-HP-Pavilion-Gaming-Laptop-15-ec1xxx" time="0.687">
  <properties/>
  <testcase name="contextLoads()" classname="com.kapumota.microservicios.composite.product.productcompositeservice.ProductCompositeServiceApplicationTests" time="0.687"/>
  <system-out><![CDATA[09:27:24.736 [Test worker] INFO org.springframework.test.context.support.AnnotationConfigContextLoaderUtils -- Could not detect default configuration classes for test class [com.kapumota.microservicios.composite.product.productcompositeservice.ProductCompositeServiceApplicationTests]: ProductCompositeServiceApplicationTests does not declare any static, non-private, non-final, nested classes annotated with @Configuration.
09:27:24.828 [Test worker] INFO org.springframework.boot.test.context.SpringBootTestContextBootstrapper -- Found @SpringBootConfiguration com.kapumota.microservicios.composite.product.productcompositeservice.ProductCompositeServiceApplication for test class com.kapumota.microservicios.composite.product.productcompositeservice.ProductCompositeServiceApplicationTests

  .   ____          _            __ _ _
 /\\ / ___'_ __ _ _(_)_ __  __ _ \ \ \ \
( ( )\___ | '_ | '_| | '_ \/ _` | \ \ \ \
 \\/  ___)| |_)| | | | | || (_| |  ) ) ) )
  '  |____| .__|_| |_|_| |_\__, | / / / /
 =========|_|==============|___/=/_/_/_/
 :: Spring Boot ::                (v3.1.1)

2023-07-15T09:27:25.431-05:00  INFO 56744 --- [    Test worker] .ProductCompositeServiceApplicationTests : Starting ProductCompositeServiceApplicationTests using Java 17.0.7 with PID 56744 (started by gian in /home/gian/2-rest-servicios-basicos/microservicios/product-composite-service)
2023-07-15T09:27:25.433-05:00 DEBUG 56744 --- [    Test worker] .ProductCompositeServiceApplicationTests : Running with Spring Boot v3.1.1, Spring v6.0.10
2023-07-15T09:27:25.434-05:00  INFO 56744 --- [    Test worker] .ProductCompositeServiceApplicationTests : No active profile set, falling back to 1 default profile: "default"
2023-07-15T09:27:26.527-05:00  INFO 56744 --- [    Test worker] o.s.b.a.e.web.EndpointLinksResolver      : Exposing 1 endpoint(s) beneath base path '/actuator'
2023-07-15T09:27:26.754-05:00  INFO 56744 --- [    Test worker] .ProductCompositeServiceApplicationTests : Started ProductCompositeServiceApplicationTests in 1.81 seconds (process running for 2.698)
]]></system-out>
  <system-err><![CDATA[]]></system-err>
</testsuite>
