<?xml version="1.0" encoding="UTF-8"?>
<testsuite name="ReservaSistemaTest" tests="1" skipped="0" failures="0" errors="0" timestamp="2023-06-21T14:48:10" hostname="pcs5-HP-EliteDesk-800-G4-SFF" time="0.014">
  <properties/>
  <testcase name="siSoloUnaReserva()" classname="ReservaSistemaTest" time="0.014"/>
  <system-out><![CDATA[]]></system-out>
  <system-err><![CDATA[]]></system-err>
</testsuite>
