<?xml version="1.0" encoding="UTF-8"?>
<testsuite name="com.kapumota.microservicios.core.product.ProductServiceApplicationTests" tests="1" skipped="0" failures="0" errors="0" timestamp="2023-07-11T17:07:16" hostname="gian-HP-Pavilion-Gaming-Laptop-15-ec1xxx" time="0.59">
  <properties/>
  <testcase name="contextLoads()" classname="com.kapumota.microservicios.core.product.ProductServiceApplicationTests" time="0.59"/>
  <system-out><![CDATA[12:07:14.489 [Test worker] INFO org.springframework.test.context.support.AnnotationConfigContextLoaderUtils -- Could not detect default configuration classes for test class [com.kapumota.microservicios.core.product.ProductServiceApplicationTests]: ProductServiceApplicationTests does not declare any static, non-private, non-final, nested classes annotated with @Configuration.
12:07:14.562 [Test worker] INFO org.springframework.boot.test.context.SpringBootTestContextBootstrapper -- Found @SpringBootConfiguration com.kapumota.microservicios.core.product.ProductServiceApplication for test class com.kapumota.microservicios.core.product.ProductServiceApplicationTests

  .   ____          _            __ _ _
 /\\ / ___'_ __ _ _(_)_ __  __ _ \ \ \ \
( ( )\___ | '_ | '_| | '_ \/ _` | \ \ \ \
 \\/  ___)| |_)| | | | | || (_| |  ) ) ) )
  '  |____| .__|_| |_|_| |_\__, | / / / /
 =========|_|==============|___/=/_/_/_/
 :: Spring Boot ::                (v3.1.1)

2023-07-11T12:07:14.855-05:00  INFO 8664 --- [    Test worker] c.k.m.c.p.ProductServiceApplicationTests : Starting ProductServiceApplicationTests using Java 17.0.7 with PID 8664 (started by gian in /home/gian/2-rest-servicios-basicos/microservicios/recommendation-service)
2023-07-11T12:07:14.857-05:00  INFO 8664 --- [    Test worker] c.k.m.c.p.ProductServiceApplicationTests : No active profile set, falling back to 1 default profile: "default"
2023-07-11T12:07:15.894-05:00  INFO 8664 --- [    Test worker] o.s.b.a.e.web.EndpointLinksResolver      : Exposing 1 endpoint(s) beneath base path '/actuator'
2023-07-11T12:07:16.164-05:00  INFO 8664 --- [    Test worker] c.k.m.c.p.ProductServiceApplicationTests : Started ProductServiceApplicationTests in 1.5 seconds (process running for 2.27)
]]></system-out>
  <system-err><![CDATA[]]></system-err>
</testsuite>
