<?xml version="1.0" encoding="UTF-8"?>
<testsuite name="com.kapumota.microservicios.core.recommendation.RecommendationServiceApplicationTests" tests="1" skipped="0" failures="0" errors="0" timestamp="2023-07-15T12:03:20" hostname="gian-HP-Pavilion-Gaming-Laptop-15-ec1xxx" time="0.593">
  <properties/>
  <testcase name="contextLoads()" classname="com.kapumota.microservicios.core.recommendation.RecommendationServiceApplicationTests" time="0.593"/>
  <system-out><![CDATA[07:03:19.325 [Test worker] INFO org.springframework.test.context.support.AnnotationConfigContextLoaderUtils -- Could not detect default configuration classes for test class [com.kapumota.microservicios.core.recommendation.RecommendationServiceApplicationTests]: RecommendationServiceApplicationTests does not declare any static, non-private, non-final, nested classes annotated with @Configuration.
07:03:19.399 [Test worker] INFO org.springframework.boot.test.context.SpringBootTestContextBootstrapper -- Found @SpringBootConfiguration com.kapumota.microservicios.core.recommendation.RecommendationServiceApplication for test class com.kapumota.microservicios.core.recommendation.RecommendationServiceApplicationTests

  .   ____          _            __ _ _
 /\\ / ___'_ __ _ _(_)_ __  __ _ \ \ \ \
( ( )\___ | '_ | '_| | '_ \/ _` | \ \ \ \
 \\/  ___)| |_)| | | | | || (_| |  ) ) ) )
  '  |____| .__|_| |_|_| |_\__, | / / / /
 =========|_|==============|___/=/_/_/_/
 :: Spring Boot ::                (v3.1.1)

2023-07-15T07:03:19.709-05:00  INFO 47444 --- [    Test worker] .r.RecommendationServiceApplicationTests : Starting RecommendationServiceApplicationTests using Java 17.0.7 with PID 47444 (started by gian in /home/gian/2-rest-servicios-basicos/microservicios/recommendation-service)
2023-07-15T07:03:19.710-05:00 DEBUG 47444 --- [    Test worker] .r.RecommendationServiceApplicationTests : Running with Spring Boot v3.1.1, Spring v6.0.10
2023-07-15T07:03:19.711-05:00  INFO 47444 --- [    Test worker] .r.RecommendationServiceApplicationTests : No active profile set, falling back to 1 default profile: "default"
2023-07-15T07:03:20.678-05:00  INFO 47444 --- [    Test worker] o.s.b.a.e.web.EndpointLinksResolver      : Exposing 1 endpoint(s) beneath base path '/actuator'
2023-07-15T07:03:20.897-05:00  INFO 47444 --- [    Test worker] .r.RecommendationServiceApplicationTests : Started RecommendationServiceApplicationTests in 1.404 seconds (process running for 2.171)
]]></system-out>
  <system-err><![CDATA[]]></system-err>
</testsuite>
