<?xml version="1.0" encoding="UTF-8"?>
<testsuite name="com.wordz.domain.WordTest" tests="4" skipped="0" failures="0" errors="0" timestamp="2023-06-24T17:01:55" hostname="LAPTOP-62DBV7J5" time="0.08">
  <properties/>
  <testcase name="oneCorrectLetter()" classname="com.wordz.domain.WordTest" time="0.077"/>
  <testcase name="allScoreCombinations()" classname="com.wordz.domain.WordTest" time="0.0"/>
  <testcase name="secondLetterWrongPosition()" classname="com.wordz.domain.WordTest" time="0.0"/>
  <testcase name="oneIncorrectLetter()" classname="com.wordz.domain.WordTest" time="0.0"/>
  <system-out><![CDATA[]]></system-out>
  <system-err><![CDATA[]]></system-err>
</testsuite>
